
=== Sat Aug 17 20:26:25 2019

Packages were changed.
Update Mode: mergeDefaultDependencies

The following packages were added:
  com.unity.package-manager-ui@2.2.0
  com.unity.ext.nunit@1.0.0
  com.unity.test-framework@1.0.13
  com.unity.ide.vscode@1.0.7
  com.unity.ide.rider@1.0.8
  com.unity.ugui@1.0.0
  com.unity.modules.androidjni@1.0.0
The following packages were updated:
  com.unity.collab-proxy from version 1.2.9 to 1.2.16
  com.unity.textmeshpro from version 2.0.0 to 2.0.1
  com.unity.timeline from version 0.0.0-builtin to 1.1.0

=== Mon Apr 19 16:46:05 2021

Packages were changed.
Update Mode: updateDependencies

The following packages were updated:
  com.unity.2d.pixel-perfect from version 1.0.1-preview to 2.1.0
  com.unity.ext.nunit from version 1.0.0 to 1.0.6
  com.unity.ide.rider from version 1.0.8 to 1.1.4
  com.unity.ide.vscode from version 1.0.7 to 1.2.3
  com.unity.render-pipelines.lightweight from version 6.9.1 to 7.3.1
  com.unity.shadergraph from version 6.9.1 to 7.3.1
  com.unity.test-framework from version 1.0.13 to 1.1.22
  com.unity.timeline from version 1.1.0 to 1.2.18
The following packages were removed:
  com.unity.package-manager-ui@2.2.0
